<?xml version="1.0" encoding="UTF-8"?>
<!-- Generated by org.testng.reporters.JUnitXMLReporter -->
<testsuite ignored="76" hostname="CHELENL564" failures="3" tests="173" name="Test" time="394.716" errors="0" timestamp="2024-08-21T08:34:15 IST">
  <testcase classname="CA_Maint_CECOR.CECOR_Ecom.TC19_SPC_Batteryoperated" name="Batteryoperated" time="0.0">
    <skipped/>
  </testcase> <!-- Batteryoperated -->
  <testcase classname="CA_Maint_CECOR.CECOR_Ecom.TC17_DT_Airpowered" name="Airpowered" time="0.0">
    <skipped/>
  </testcase> <!-- Airpowered -->
  <testcase classname="CA_Maint_CECOR.CECOR_Ecom.TC18_DT_Singlephaselec" name="SinglePhaseelectric" time="6.749"/>
  <testcase classname="CA_Maint_CECOR.CECOR_Ecom.TC15_CSCD_Airpowered" name="Airpowered" time="7.947"/>
  <testcase classname="CA_Maint_CECOR.CECOR_Ecom.TC20_CRT_Lowprofile" name="lowprofile4_9" time="8.649"/>
  <testcase classname="CA_Maint_CECOR.CECOR_Ecom.TC18_DT_Singlephaselec" name="SinglePhaseelectric" time="4.917"/>
  <testcase classname="CA_Maint_CECOR.CECOR_Ecom.TC15_CSCD_Airpowered" name="Airpowered" time="6.623"/>
  <testcase classname="CA_Maint_CECOR.CECOR_Ecom.TC20_CRT_Lowprofile" name="lowprofile4_9" time="7.332"/>
  <testcase classname="CA_Maint_CECOR.CECOR_Ecom.TC15_CSCD_Airpowered" name="Airpowered" time="5.35"/>
  <testcase classname="CA_Maint_CECOR.CECOR_Ecom.TC20_CRT_Lowprofile" name="lowprofile4_9" time="5.521"/>
  <testcase classname="CA_Maint_CECOR.CECOR_Ecom.TC15_CSCD_Airpowered" name="Airpowered" time="2.926"/>
  <testcase classname="CA_Maint_CECOR.CECOR_Ecom.TC15_CSCD_Airpowered" name="Airpowered" time="4.51"/>
  <testcase classname="CA_Maint_CECOR.CECOR_Ecom.TC20_CRT_Lowprofile" name="lowprofile4_9" time="6.055"/>
  <testcase classname="CA_Maint_CECOR.CECOR_Ecom.TC15_CSCD_Airpowered" name="Airpowered" time="3.661"/>
  <testcase classname="CA_Maint_CECOR.CECOR_Ecom.TC20_CRT_Lowprofile" name="lowprofile4_9" time="5.418"/>
  <testcase classname="CA_Maint_CECOR.CECOR_Ecom.TC15_CSCD_Airpowered" name="Airpowered" time="4.957"/>
  <testcase classname="CA_Maint_CECOR.CECOR_Ecom.TC16_CSCD_Singlephaseelect" name="singlephaseelctric" time="6.467"/>
  <testcase classname="CA_Maint_CECOR.CECOR_Ecom.TC20_CRT_Lowprofile" name="lowprofile4_9" time="6.184"/>
  <testcase classname="CA_Maint_CECOR.CECOR_Ecom.TC15_CSCD_Airpowered" name="Airpowered" time="5.154"/>
  <testcase classname="CA_Maint_CECOR.CECOR_Ecom.TC16_CSCD_Singlephaseelect" name="singlephaseelctric" time="7.702"/>
  <testcase classname="CA_Maint_CECOR.CECOR_Ecom.TC15_CSCD_Airpowered" name="Airpowered" time="5.17"/>
  <testcase classname="CA_Maint_CECOR.CECOR_Ecom.TC02_Headerandbanner" name="homepage" time="13.048"/>
  <testcase classname="CA_Maint_CECOR.CECOR_Ecom.TC20_CRT_Lowprofile" name="lowprofile4_9" time="8.833"/>
  <testcase classname="CA_Maint_CECOR.CECOR_Ecom.TC16_CSCD_Singlephaseelect" name="singlephaseelctric" time="4.184"/>
  <testcase classname="CA_Maint_CECOR.CECOR_Ecom.TC15_CSCD_Airpowered" name="Airpowered" time="5.5"/>
  <testcase classname="CA_Maint_CECOR.CECOR_Ecom.TC20_CRT_Lowprofile" name="lowprofile4_9" time="5.118"/>
  <testcase classname="CA_Maint_CECOR.CECOR_Ecom.TC16_CSCD_Singlephaseelect" name="singlephaseelctric" time="4.197"/>
  <testcase classname="CA_Maint_CECOR.CECOR_Ecom.TC15_CSCD_Airpowered" name="Airpowered" time="4.249"/>
  <testcase classname="CA_Maint_CECOR.CECOR_Ecom.TC16_CSCD_Singlephaseelect" name="singlephaseelctric" time="3.833"/>
  <testcase classname="CA_Maint_CECOR.CECOR_Ecom.TC20_CRT_Lowprofile" name="lowprofile4_9" time="5.953"/>
  <testcase classname="CA_Maint_CECOR.CECOR_Ecom.TC15_CSCD_Airpowered" name="Airpowered" time="4.063"/>
  <testcase classname="CA_Maint_CECOR.CECOR_Ecom.TC16_CSCD_Singlephaseelect" name="singlephaseelctric" time="3.218"/>
  <testcase classname="CA_Maint_CECOR.CECOR_Ecom.TC20_CRT_Lowprofile" name="lowprofile4_9" time="4.356"/>
  <testcase classname="CA_Maint_CECOR.CECOR_Ecom.TC16_CSCD_Singlephaseelect" name="singlephaseelctric" time="3.291"/>
  <testcase classname="CA_Maint_CECOR.CECOR_Ecom.TC16_CSCD_Singlephaseelect" name="singlephaseelctric" time="4.937"/>
  <testcase classname="CA_Maint_CECOR.CECOR_Ecom.TC20_CRT_Lowprofile" name="lowprofile4_9" time="6.811"/>
  <testcase classname="CA_Maint_CECOR.CECOR_Ecom.TC16_CSCD_Singlephaseelect" name="singlephaseelctric" time="4.933"/>
  <testcase classname="CA_Maint_CECOR.CECOR_Ecom.TC20_CRT_Lowprofile" name="lowprofile4_9" time="10.419"/>
  <testcase classname="CA_Maint_CECOR.CECOR_Ecom.TC01_Login" name="loginapp" time="0.001"/>
  <testcase classname="CA_Maint_CECOR.CECOR_Ecom.TC16_CSCD_Singlephaseelect" name="singlephaseelctric" time="8.8"/>
  <testcase classname="CA_Maint_CECOR.CECOR_Ecom.TC16_CSCD_Singlephaseelect" name="singlephaseelctric" time="3.332">
    <failure type="java.lang.RuntimeException">
      <![CDATA[java.lang.RuntimeException
at Utils.Reporter.reportsteps(Reporter.java:56)
at Utils.Reporter.reportsteps(Reporter.java:66)
at Base.SeleniumBase.stringmatch(SeleniumBase.java:410)
at Pages.Combosump.Singlephaseelectric(Combosump.java:120)
at CA_Maint_CECOR.CECOR_Ecom.TC16_CSCD_Singlephaseelect.singlephaseelctric(TC16_CSCD_Singlephaseelect.java:26)
at java.base/java.util.concurrent.ThreadPoolExecutor.runWorker(ThreadPoolExecutor.java:1144)
at java.base/java.util.concurrent.ThreadPoolExecutor$Worker.run(ThreadPoolExecutor.java:642)
at java.base/java.lang.Thread.run(Thread.java:1570)
... Removed 10 stack frames]]>
    </failure>
  </testcase> <!-- singlephaseelctric -->
  <testcase classname="CA_Maint_CECOR.CECOR_Ecom.TC16_CSCD_Singlephaseelect" name="singlephaseelctric" time="7.701"/>
  <testcase classname="CA_Maint_CECOR.CECOR_Ecom.TC03_Industrialprodoverview" name="IndusProdOverview" time="2.642"/>
  <testcase classname="CA_Maint_CECOR.CECOR_Ecom.TC06_SPC_Airpowered" name="Products" time="4.462"/>
  <testcase classname="CA_Maint_CECOR.CECOR_Ecom.TC06_SPC_Airpowered" name="Products" time="3.202"/>
  <testcase classname="CA_Maint_CECOR.CECOR_Ecom.TC06_SPC_Airpowered" name="Products" time="2.166"/>
  <testcase classname="CA_Maint_CECOR.CECOR_Ecom.TC06_SPC_Airpowered" name="Products" time="2.929"/>
  <testcase classname="CA_Maint_CECOR.CECOR_Ecom.TC06_SPC_Airpowered" name="Products" time="2.199"/>
  <testcase classname="CA_Maint_CECOR.CECOR_Ecom.TC06_SPC_Airpowered" name="Products" time="3.683"/>
  <testcase classname="CA_Maint_CECOR.CECOR_Ecom.TC06_SPC_Airpowered" name="Products" time="2.204"/>
  <testcase classname="CA_Maint_CECOR.CECOR_Ecom.TC06_SPC_Airpowered" name="Products" time="2.79"/>
  <testcase classname="CA_Maint_CECOR.CECOR_Ecom.TC06_SPC_Airpowered" name="Products" time="2.935"/>
  <testcase classname="CA_Maint_CECOR.CECOR_Ecom.TC06_SPC_Airpowered" name="Products" time="3.463"/>
  <testcase classname="CA_Maint_CECOR.CECOR_Ecom.TC04_Shops" name="Shops" time="37.799"/>
  <testcase classname="CA_Maint_CECOR.CECOR_Ecom.TC06_SPC_Airpowered" name="Products" time="4.199"/>
  <testcase classname="CA_Maint_CECOR.CECOR_Ecom.TC05_Company" name="Company" time="36.006"/>
  <testcase classname="CA_Maint_CECOR.CECOR_Ecom.TC14_SPC_SinglephaseSE10" name="SinglephaseElectric_SE10" time="6.299"/>
  <testcase classname="CA_Maint_CECOR.CECOR_Ecom.TC06_SPC_Airpowered" name="Products" time="3.82"/>
  <testcase classname="CA_Maint_CECOR.CECOR_Ecom.TC06_SPC_Airpowered" name="Products" time="2.435"/>
  <testcase classname="CA_Maint_CECOR.CECOR_Ecom.TC14_SPC_SinglephaseSE10" name="SinglephaseElectric_SE10" time="4.327"/>
  <testcase classname="CA_Maint_CECOR.CECOR_Ecom.TC06_SPC_Airpowered" name="Products" time="2.747"/>
  <testcase classname="CA_Maint_CECOR.CECOR_Ecom.TC14_SPC_SinglephaseSE10" name="SinglephaseElectric_SE10" time="5.431"/>
  <testcase classname="CA_Maint_CECOR.CECOR_Ecom.TC06_SPC_Airpowered" name="Products" time="4.798"/>
  <testcase classname="CA_Maint_CECOR.CECOR_Ecom.TC06_SPC_Airpowered" name="Products" time="3.871">
    <failure type="java.lang.RuntimeException">
      <![CDATA[java.lang.RuntimeException
at Utils.Reporter.reportsteps(Reporter.java:56)
at Utils.Reporter.reportsteps(Reporter.java:66)
at Base.SeleniumBase.stringmatch(SeleniumBase.java:410)
at Pages.Sumpcleaner.Airpowered(Sumpcleaner.java:60)
at CA_Maint_CECOR.CECOR_Ecom.TC06_SPC_Airpowered.Products(TC06_SPC_Airpowered.java:26)
at java.base/java.util.concurrent.ThreadPoolExecutor.runWorker(ThreadPoolExecutor.java:1144)
at java.base/java.util.concurrent.ThreadPoolExecutor$Worker.run(ThreadPoolExecutor.java:642)
at java.base/java.lang.Thread.run(Thread.java:1570)
... Removed 10 stack frames]]>
    </failure>
  </testcase> <!-- Products -->
  <testcase classname="CA_Maint_CECOR.CECOR_Ecom.TC14_SPC_SinglephaseSE10" name="SinglephaseElectric_SE10" time="4.877"/>
  <testcase classname="CA_Maint_CECOR.CECOR_Ecom.TC06_SPC_Airpowered" name="Products" time="4.894"/>
  <testcase classname="CA_Maint_CECOR.CECOR_Ecom.TC14_SPC_SinglephaseSE10" name="SinglephaseElectric_SE10" time="7.916"/>
  <testcase classname="CA_Maint_CECOR.CECOR_Ecom.TC06_SPC_Airpowered" name="Products" time="6.622"/>
  <testcase classname="CA_Maint_CECOR.CECOR_Ecom.TC08_SPC_Threephase" name="Threephaseelectric" time="3.562"/>
  <testcase classname="CA_Maint_CECOR.CECOR_Ecom.TC14_SPC_SinglephaseSE10" name="SinglephaseElectric_SE10" time="6.803"/>
  <testcase classname="CA_Maint_CECOR.CECOR_Ecom.TC06_SPC_Airpowered" name="Products" time="4.319"/>
  <testcase classname="CA_Maint_CECOR.CECOR_Ecom.TC08_SPC_Threephase" name="Threephaseelectric" time="4.614"/>
  <testcase classname="CA_Maint_CECOR.CECOR_Ecom.TC09_SPC_PropanePowered" name="Propanepowered" time="7.55"/>
  <testcase classname="CA_Maint_CECOR.CECOR_Ecom.TC07_SPC_SinglephaseElectrSE15" name="SinglephaseElectric_SE15" time="13.922"/>
  <testcase classname="CA_Maint_CECOR.CECOR_Ecom.TC09_SPC_PropanePowered" name="Propanepowered" time="3.643"/>
  <testcase classname="CA_Maint_CECOR.CECOR_Ecom.TC08_SPC_Threephase" name="Threephaseelectric" time="4.006"/>
  <testcase classname="CA_Maint_CECOR.CECOR_Ecom.TC14_SPC_SinglephaseSE10" name="SinglephaseElectric_SE10" time="5.518"/>
  <testcase classname="CA_Maint_CECOR.CECOR_Ecom.TC06_SPC_Airpowered" name="Products" time="5.783"/>
  <testcase classname="CA_Maint_CECOR.CECOR_Ecom.TC09_SPC_PropanePowered" name="Propanepowered" time="3.023"/>
  <testcase classname="CA_Maint_CECOR.CECOR_Ecom.TC08_SPC_Threephase" name="Threephaseelectric" time="4.66"/>
  <testcase classname="CA_Maint_CECOR.CECOR_Ecom.TC06_SPC_Airpowered" name="Products" time="4.188"/>
  <testcase classname="CA_Maint_CECOR.CECOR_Ecom.TC14_SPC_SinglephaseSE10" name="SinglephaseElectric_SE10" time="6.532"/>
  <testcase classname="CA_Maint_CECOR.CECOR_Ecom.TC09_SPC_PropanePowered" name="Propanepowered" time="4.207"/>
  <testcase classname="CA_Maint_CECOR.CECOR_Ecom.TC07_SPC_SinglephaseElectrSE15" name="SinglephaseElectric_SE15" time="9.021"/>
  <testcase classname="CA_Maint_CECOR.CECOR_Ecom.TC08_SPC_Threephase" name="Threephaseelectric" time="4.122"/>
  <testcase classname="CA_Maint_CECOR.CECOR_Ecom.TC06_SPC_Airpowered" name="Products" time="4.504"/>
  <testcase classname="CA_Maint_CECOR.CECOR_Ecom.TC09_SPC_PropanePowered" name="Propanepowered" time="4.229"/>
  <testcase classname="CA_Maint_CECOR.CECOR_Ecom.TC14_SPC_SinglephaseSE10" name="SinglephaseElectric_SE10" time="5.702"/>
  <testcase classname="CA_Maint_CECOR.CECOR_Ecom.TC08_SPC_Threephase" name="Threephaseelectric" time="4.613"/>
  <testcase classname="CA_Maint_CECOR.CECOR_Ecom.TC06_SPC_Airpowered" name="Products" time="4.016"/>
  <testcase classname="CA_Maint_CECOR.CECOR_Ecom.TC07_SPC_SinglephaseElectrSE15" name="SinglephaseElectric_SE15" time="7.726"/>
  <testcase classname="CA_Maint_CECOR.CECOR_Ecom.TC08_SPC_Threephase" name="Threephaseelectric" time="3.195"/>
  <testcase classname="CA_Maint_CECOR.CECOR_Ecom.TC06_SPC_Airpowered" name="Products" time="4.367"/>
  <testcase classname="CA_Maint_CECOR.CECOR_Ecom.TC14_SPC_SinglephaseSE10" name="SinglephaseElectric_SE10" time="6.706"/>
  <testcase classname="CA_Maint_CECOR.CECOR_Ecom.TC08_SPC_Threephase" name="Threephaseelectric" time="2.703"/>
  <testcase classname="CA_Maint_CECOR.CECOR_Ecom.TC06_SPC_Airpowered" name="Products" time="3.898"/>
  <testcase classname="CA_Maint_CECOR.CECOR_Ecom.TC08_SPC_Threephase" name="Threephaseelectric" time="3.341"/>
  <testcase classname="CA_Maint_CECOR.CECOR_Ecom.TC07_SPC_SinglephaseElectrSE15" name="SinglephaseElectric_SE15" time="7.717"/>
  <testcase classname="CA_Maint_CECOR.CECOR_Ecom.TC14_SPC_SinglephaseSE10" name="SinglephaseElectric_SE10" time="5.932"/>
  <testcase classname="CA_Maint_CECOR.CECOR_Ecom.TC06_SPC_Airpowered" name="Products" time="3.739"/>
  <testcase classname="CA_Maint_CECOR.CECOR_Ecom.TC08_SPC_Threephase" name="Threephaseelectric" time="3.45"/>
  <testcase classname="CA_Maint_CECOR.CECOR_Ecom.TC08_SPC_Threephase" name="Threephaseelectric" time="3.714"/>
  <testcase classname="CA_Maint_CECOR.CECOR_Ecom.TC06_SPC_Airpowered" name="Products" time="5.289"/>
  <testcase classname="CA_Maint_CECOR.CECOR_Ecom.TC14_SPC_SinglephaseSE10" name="SinglephaseElectric_SE10" time="6.191"/>
  <testcase classname="CA_Maint_CECOR.CECOR_Ecom.TC07_SPC_SinglephaseElectrSE15" name="SinglephaseElectric_SE15" time="8.801"/>
  <testcase classname="CA_Maint_CECOR.CECOR_Ecom.TC08_SPC_Threephase" name="Threephaseelectric" time="3.137"/>
  <testcase classname="CA_Maint_CECOR.CECOR_Ecom.TC08_SPC_Threephase" name="Threephaseelectric" time="4.101"/>
  <testcase classname="CA_Maint_CECOR.CECOR_Ecom.TC06_SPC_Airpowered" name="Products" time="5.961"/>
  <testcase classname="CA_Maint_CECOR.CECOR_Ecom.TC14_SPC_SinglephaseSE10" name="SinglephaseElectric_SE10" time="7.838"/>
  <testcase classname="CA_Maint_CECOR.CECOR_Ecom.TC08_SPC_Threephase" name="Threephaseelectric" time="5.144"/>
  <testcase classname="CA_Maint_CECOR.CECOR_Ecom.TC06_SPC_Airpowered" name="Products" time="5.975"/>
  <testcase classname="CA_Maint_CECOR.CECOR_Ecom.TC07_SPC_SinglephaseElectrSE15" name="SinglephaseElectric_SE15" time="11.93"/>
  <testcase classname="CA_Maint_CECOR.CECOR_Ecom.TC06_SPC_Airpowered" name="Products" time="4.176"/>
  <testcase classname="CA_Maint_CECOR.CECOR_Ecom.TC08_SPC_Threephase" name="Threephaseelectric" time="5.043"/>
  <testcase classname="CA_Maint_CECOR.CECOR_Ecom.TC14_SPC_SinglephaseSE10" name="SinglephaseElectric_SE10" time="8.071"/>
  <testcase classname="CA_Maint_CECOR.CECOR_Ecom.TC06_SPC_Airpowered" name="Products" time="4.715"/>
  <testcase classname="CA_Maint_CECOR.CECOR_Ecom.TC10_Disp_Batteryoperated" name="Batteryoperated" time="3.641"/>
  <testcase classname="CA_Maint_CECOR.CECOR_Ecom.TC07_SPC_SinglephaseElectrSE15" name="SinglephaseElectric_SE15" time="9.288"/>
  <testcase classname="CA_Maint_CECOR.CECOR_Ecom.TC14_SPC_SinglephaseSE10" name="SinglephaseElectric_SE10" time="7.248"/>
  <testcase classname="CA_Maint_CECOR.CECOR_Ecom.TC10_Disp_Batteryoperated" name="Batteryoperated" time="2.648"/>
  <testcase classname="CA_Maint_CECOR.CECOR_Ecom.TC06_SPC_Airpowered" name="Products" time="4.011"/>
  <testcase classname="CA_Maint_CECOR.CECOR_Ecom.TC10_Disp_Batteryoperated" name="Batteryoperated" time="3.069"/>
  <testcase classname="CA_Maint_CECOR.CECOR_Ecom.TC14_SPC_SinglephaseSE10" name="SinglephaseElectric_SE10" time="4.201"/>
  <testcase classname="CA_Maint_CECOR.CECOR_Ecom.TC07_SPC_SinglephaseElectrSE15" name="SinglephaseElectric_SE15" time="6.899"/>
  <testcase classname="CA_Maint_CECOR.CECOR_Ecom.TC10_Disp_Batteryoperated" name="Batteryoperated" time="3.334"/>
  <testcase classname="CA_Maint_CECOR.CECOR_Ecom.TC14_SPC_SinglephaseSE10" name="SinglephaseElectric_SE10" time="5.294"/>
  <testcase classname="CA_Maint_CECOR.CECOR_Ecom.TC07_SPC_SinglephaseElectrSE15" name="SinglephaseElectric_SE15" time="7.639"/>
  <testcase classname="CA_Maint_CECOR.CECOR_Ecom.TC14_SPC_SinglephaseSE10" name="SinglephaseElectric_SE10" time="5.12"/>
  <testcase classname="CA_Maint_CECOR.CECOR_Ecom.TC14_SPC_SinglephaseSE10" name="SinglephaseElectric_SE10" time="5.6"/>
  <testcase classname="CA_Maint_CECOR.CECOR_Ecom.TC11_DISP_Airpowered" name="Airpowered" time="6.742">
    <failure type="java.lang.RuntimeException">
      <![CDATA[java.lang.RuntimeException
at Utils.Reporter.reportsteps(Reporter.java:56)
at Utils.Reporter.reportsteps(Reporter.java:66)
at Base.SeleniumBase.locateElement(SeleniumBase.java:89)
at Pages.Dispensers.Airpowered(Dispensers.java:76)
at CA_Maint_CECOR.CECOR_Ecom.TC11_DISP_Airpowered.Airpowered(TC11_DISP_Airpowered.java:26)
at java.base/java.util.concurrent.ThreadPoolExecutor.runWorker(ThreadPoolExecutor.java:1144)
at java.base/java.util.concurrent.ThreadPoolExecutor$Worker.run(ThreadPoolExecutor.java:642)
at java.base/java.lang.Thread.run(Thread.java:1570)
... Removed 10 stack frames]]>
    </failure>
  </testcase> <!-- Airpowered -->
  <testcase classname="CA_Maint_CECOR.CECOR_Ecom.TC07_SPC_SinglephaseElectrSE15" name="SinglephaseElectric_SE15" time="11.03"/>
  <testcase classname="CA_Maint_CECOR.CECOR_Ecom.TC11_DISP_Airpowered" name="Airpowered" time="4.847"/>
  <testcase classname="CA_Maint_CECOR.CECOR_Ecom.TC14_SPC_SinglephaseSE10" name="SinglephaseElectric_SE10" time="6.787"/>
  <testcase classname="CA_Maint_CECOR.CECOR_Ecom.TC12_DISP_Singlephase" name="Singlephase" time="3.487"/>
  <testcase classname="CA_Maint_CECOR.CECOR_Ecom.TC11_DISP_Airpowered" name="Airpowered" time="5.518"/>
  <testcase classname="CA_Maint_CECOR.CECOR_Ecom.TC12_DISP_Singlephase" name="Singlephase" time="2.538"/>
  <testcase classname="CA_Maint_CECOR.CECOR_Ecom.TC13_DISP_Gravity" name="Gravitypowered" time="3.735"/>
  <testcase classname="CA_Maint_CECOR.CECOR_Ecom.TC07_SPC_SinglephaseElectrSE15" name="SinglephaseElectric_SE15" time="8.516"/>
  <testcase classname="CA_Maint_CECOR.CECOR_Ecom.TC14_SPC_SinglephaseSE10" name="SinglephaseElectric_SE10" time="6.764"/>
  <testcase classname="CA_Maint_CECOR.CECOR_Ecom.TC12_DISP_Singlephase" name="Singlephase" time="2.932"/>
  <testcase classname="CA_Maint_CECOR.CECOR_Ecom.TC11_DISP_Airpowered" name="Airpowered" time="2.999"/>
  <testcase classname="CA_Maint_CECOR.CECOR_Ecom.TC13_DISP_Gravity" name="Gravitypowered" time="4.1"/>
  <testcase classname="CA_Maint_CECOR.CECOR_Ecom.TC12_DISP_Singlephase" name="Singlephase" time="2.845"/>
  <testcase classname="CA_Maint_CECOR.CECOR_Ecom.TC13_DISP_Gravity" name="Gravitypowered" time="2.529"/>
  <testcase classname="CA_Maint_CECOR.CECOR_Ecom.TC14_SPC_SinglephaseSE10" name="SinglephaseElectric_SE10" time="4.993"/>
  <testcase classname="CA_Maint_CECOR.CECOR_Ecom.TC07_SPC_SinglephaseElectrSE15" name="SinglephaseElectric_SE15" time="7.338"/>
  <testcase classname="CA_Maint_CECOR.CECOR_Ecom.TC13_DISP_Gravity" name="Gravitypowered" time="1.922"/>
  <testcase classname="CA_Maint_CECOR.CECOR_Ecom.TC14_SPC_SinglephaseSE10" name="SinglephaseElectric_SE10" time="3.505"/>
  <testcase classname="CA_Maint_CECOR.CECOR_Ecom.TC07_SPC_SinglephaseElectrSE15" name="SinglephaseElectric_SE15" time="5.471"/>
  <testcase classname="CA_Maint_CECOR.CECOR_Ecom.TC14_SPC_SinglephaseSE10" name="SinglephaseElectric_SE10" time="3.758"/>
  <testcase classname="CA_Maint_CECOR.CECOR_Ecom.TC14_SPC_SinglephaseSE10" name="SinglephaseElectric_SE10" time="4.118"/>
  <testcase classname="CA_Maint_CECOR.CECOR_Ecom.TC07_SPC_SinglephaseElectrSE15" name="SinglephaseElectric_SE15" time="6.11"/>
  <testcase classname="CA_Maint_CECOR.CECOR_Ecom.TC14_SPC_SinglephaseSE10" name="SinglephaseElectric_SE10" time="5.305"/>
  <testcase classname="CA_Maint_CECOR.CECOR_Ecom.TC07_SPC_SinglephaseElectrSE15" name="SinglephaseElectric_SE15" time="6.757"/>
  <testcase classname="CA_Maint_CECOR.CECOR_Ecom.TC14_SPC_SinglephaseSE10" name="SinglephaseElectric_SE10" time="4.795"/>
  <testcase classname="CA_Maint_CECOR.CECOR_Ecom.TC07_SPC_SinglephaseElectrSE15" name="SinglephaseElectric_SE15" time="5.734"/>
  <testcase classname="CA_Maint_CECOR.CECOR_Ecom.TC14_SPC_SinglephaseSE10" name="SinglephaseElectric_SE10" time="4.384"/>
  <testcase classname="CA_Maint_CECOR.CECOR_Ecom.TC07_SPC_SinglephaseElectrSE15" name="SinglephaseElectric_SE15" time="4.766"/>
  <testcase classname="CA_Maint_CECOR.CECOR_Ecom.TC07_SPC_SinglephaseElectrSE15" name="SinglephaseElectric_SE15" time="4.716"/>
  <testcase classname="CA_Maint_CECOR.CECOR_Ecom.TC07_SPC_SinglephaseElectrSE15" name="SinglephaseElectric_SE15" time="4.581"/>
  <testcase classname="CA_Maint_CECOR.CECOR_Ecom.TC07_SPC_SinglephaseElectrSE15" name="SinglephaseElectric_SE15" time="4.533"/>
  <testcase classname="CA_Maint_CECOR.CECOR_Ecom.TC07_SPC_SinglephaseElectrSE15" name="SinglephaseElectric_SE15" time="4.525"/>
  <testcase classname="CA_Maint_CECOR.CECOR_Ecom.TC07_SPC_SinglephaseElectrSE15" name="SinglephaseElectric_SE15" time="4.425"/>
  <testcase classname="CA_Maint_CECOR.CECOR_Ecom.TC07_SPC_SinglephaseElectrSE15" name="SinglephaseElectric_SE15" time="4.555"/>
  <testcase classname="CA_Maint_CECOR.CECOR_Ecom.TC07_SPC_SinglephaseElectrSE15" name="SinglephaseElectric_SE15" time="4.668"/>
  <testcase classname="CA_Maint_CECOR.CECOR_Ecom.TC07_SPC_SinglephaseElectrSE15" name="SinglephaseElectric_SE15" time="4.495"/>
  <testcase classname="CA_Maint_CECOR.CECOR_Ecom.TC07_SPC_SinglephaseElectrSE15" name="SinglephaseElectric_SE15" time="4.687"/>
  <testcase classname="CA_Maint_CECOR.CECOR_Ecom.TC07_SPC_SinglephaseElectrSE15" name="SinglephaseElectric_SE15" time="4.552"/>
  <testcase classname="CA_Maint_CECOR.CECOR_Ecom.TC07_SPC_SinglephaseElectrSE15" name="SinglephaseElectric_SE15" time="4.548"/>
  <testcase classname="CA_Maint_CECOR.CECOR_Ecom.TC07_SPC_SinglephaseElectrSE15" name="SinglephaseElectric_SE15" time="4.471"/>
  <testcase classname="CA_Maint_CECOR.CECOR_Ecom.TC07_SPC_SinglephaseElectrSE15" name="SinglephaseElectric_SE15" time="4.543"/>
  <testcase classname="CA_Maint_CECOR.CECOR_Ecom.TC07_SPC_SinglephaseElectrSE15" name="SinglephaseElectric_SE15" time="4.749"/>
  <testcase classname="CA_Maint_CECOR.CECOR_Ecom.TC07_SPC_SinglephaseElectrSE15" name="SinglephaseElectric_SE15" time="4.43"/>
  <testcase classname="Utils.Reporter" name="@AfterSuite stopReport" time="0.0">
    <ignored/>
  </testcase> <!-- @AfterSuite stopReport -->
  <testcase classname="Utils.Reporter" name="@AfterSuite stopReport" time="0.0">
    <ignored/>
  </testcase> <!-- @AfterSuite stopReport -->
  <testcase classname="Utils.Reporter" name="@AfterSuite stopReport" time="0.0">
    <ignored/>
  </testcase> <!-- @AfterSuite stopReport -->
  <testcase classname="Utils.Reporter" name="@AfterSuite stopReport" time="0.0">
    <ignored/>
  </testcase> <!-- @AfterSuite stopReport -->
  <testcase classname="Utils.Reporter" name="@AfterSuite stopReport" time="0.0">
    <ignored/>
  </testcase> <!-- @AfterSuite stopReport -->
  <testcase classname="Utils.Reporter" name="@AfterSuite stopReport" time="0.0">
    <ignored/>
  </testcase> <!-- @AfterSuite stopReport -->
  <testcase classname="Utils.Reporter" name="@AfterSuite stopReport" time="0.0">
    <ignored/>
  </testcase> <!-- @AfterSuite stopReport -->
  <testcase classname="Utils.Reporter" name="@AfterSuite stopReport" time="0.0">
    <ignored/>
  </testcase> <!-- @AfterSuite stopReport -->
  <testcase classname="Utils.Reporter" name="@AfterSuite stopReport" time="0.0">
    <ignored/>
  </testcase> <!-- @AfterSuite stopReport -->
  <testcase classname="Utils.Reporter" name="@AfterSuite stopReport" time="0.0">
    <ignored/>
  </testcase> <!-- @AfterSuite stopReport -->
  <testcase classname="Utils.Reporter" name="@AfterSuite stopReport" time="0.0">
    <ignored/>
  </testcase> <!-- @AfterSuite stopReport -->
  <testcase classname="Utils.Reporter" name="@AfterSuite stopReport" time="0.0">
    <ignored/>
  </testcase> <!-- @AfterSuite stopReport -->
  <testcase classname="Utils.Reporter" name="@AfterSuite stopReport" time="0.0">
    <ignored/>
  </testcase> <!-- @AfterSuite stopReport -->
  <testcase classname="Utils.Reporter" name="@AfterSuite stopReport" time="0.0">
    <ignored/>
  </testcase> <!-- @AfterSuite stopReport -->
  <testcase classname="Utils.Reporter" name="@AfterSuite stopReport" time="0.0">
    <ignored/>
  </testcase> <!-- @AfterSuite stopReport -->
  <testcase classname="Utils.Reporter" name="@AfterSuite stopReport" time="0.0">
    <ignored/>
  </testcase> <!-- @AfterSuite stopReport -->
  <testcase classname="Utils.Reporter" name="@AfterSuite stopReport" time="0.0">
    <ignored/>
  </testcase> <!-- @AfterSuite stopReport -->
  <testcase classname="Utils.Reporter" name="@AfterSuite stopReport" time="0.0">
    <ignored/>
  </testcase> <!-- @AfterSuite stopReport -->
  <testcase classname="Utils.Reporter" name="@AfterSuite stopReport" time="0.0">
    <ignored/>
  </testcase> <!-- @AfterSuite stopReport -->
  <testcase classname="Base.ProjectSpecifMethods" name="@BeforeSuite loaduserdata" time="0.0">
    <ignored/>
  </testcase> <!-- @BeforeSuite loaduserdata -->
  <testcase classname="Base.ProjectSpecifMethods" name="@BeforeSuite loaduserdata" time="0.0">
    <ignored/>
  </testcase> <!-- @BeforeSuite loaduserdata -->
  <testcase classname="Base.ProjectSpecifMethods" name="@BeforeSuite loaduserdata" time="0.0">
    <ignored/>
  </testcase> <!-- @BeforeSuite loaduserdata -->
  <testcase classname="Base.ProjectSpecifMethods" name="@BeforeSuite loaduserdata" time="0.0">
    <ignored/>
  </testcase> <!-- @BeforeSuite loaduserdata -->
  <testcase classname="Base.ProjectSpecifMethods" name="@BeforeSuite loaduserdata" time="0.0">
    <ignored/>
  </testcase> <!-- @BeforeSuite loaduserdata -->
  <testcase classname="Base.ProjectSpecifMethods" name="@BeforeSuite loaduserdata" time="0.0">
    <ignored/>
  </testcase> <!-- @BeforeSuite loaduserdata -->
  <testcase classname="Base.ProjectSpecifMethods" name="@BeforeSuite loaduserdata" time="0.0">
    <ignored/>
  </testcase> <!-- @BeforeSuite loaduserdata -->
  <testcase classname="Base.ProjectSpecifMethods" name="@BeforeSuite loaduserdata" time="0.0">
    <ignored/>
  </testcase> <!-- @BeforeSuite loaduserdata -->
  <testcase classname="Base.ProjectSpecifMethods" name="@BeforeSuite loaduserdata" time="0.0">
    <ignored/>
  </testcase> <!-- @BeforeSuite loaduserdata -->
  <testcase classname="Base.ProjectSpecifMethods" name="@BeforeSuite loaduserdata" time="0.0">
    <ignored/>
  </testcase> <!-- @BeforeSuite loaduserdata -->
  <testcase classname="Base.ProjectSpecifMethods" name="@BeforeSuite loaduserdata" time="0.0">
    <ignored/>
  </testcase> <!-- @BeforeSuite loaduserdata -->
  <testcase classname="Base.ProjectSpecifMethods" name="@BeforeSuite loaduserdata" time="0.0">
    <ignored/>
  </testcase> <!-- @BeforeSuite loaduserdata -->
  <testcase classname="Base.ProjectSpecifMethods" name="@BeforeSuite loaduserdata" time="0.0">
    <ignored/>
  </testcase> <!-- @BeforeSuite loaduserdata -->
  <testcase classname="Base.ProjectSpecifMethods" name="@BeforeSuite loaduserdata" time="0.0">
    <ignored/>
  </testcase> <!-- @BeforeSuite loaduserdata -->
  <testcase classname="Base.ProjectSpecifMethods" name="@BeforeSuite loaduserdata" time="0.0">
    <ignored/>
  </testcase> <!-- @BeforeSuite loaduserdata -->
  <testcase classname="Base.ProjectSpecifMethods" name="@BeforeSuite loaduserdata" time="0.0">
    <ignored/>
  </testcase> <!-- @BeforeSuite loaduserdata -->
  <testcase classname="Base.ProjectSpecifMethods" name="@BeforeSuite loaduserdata" time="0.0">
    <ignored/>
  </testcase> <!-- @BeforeSuite loaduserdata -->
  <testcase classname="Base.ProjectSpecifMethods" name="@BeforeSuite loaduserdata" time="0.0">
    <ignored/>
  </testcase> <!-- @BeforeSuite loaduserdata -->
  <testcase classname="Base.ProjectSpecifMethods" name="@BeforeSuite loaduserdata" time="0.0">
    <ignored/>
  </testcase> <!-- @BeforeSuite loaduserdata -->
  <testcase classname="Utils.Reporter" name="@BeforeSuite StartReport" time="0.0">
    <ignored/>
  </testcase> <!-- @BeforeSuite StartReport -->
  <testcase classname="Utils.Reporter" name="@BeforeSuite StartReport" time="0.0">
    <ignored/>
  </testcase> <!-- @BeforeSuite StartReport -->
  <testcase classname="Utils.Reporter" name="@BeforeSuite StartReport" time="0.0">
    <ignored/>
  </testcase> <!-- @BeforeSuite StartReport -->
  <testcase classname="Utils.Reporter" name="@BeforeSuite StartReport" time="0.0">
    <ignored/>
  </testcase> <!-- @BeforeSuite StartReport -->
  <testcase classname="Utils.Reporter" name="@BeforeSuite StartReport" time="0.0">
    <ignored/>
  </testcase> <!-- @BeforeSuite StartReport -->
  <testcase classname="Utils.Reporter" name="@BeforeSuite StartReport" time="0.0">
    <ignored/>
  </testcase> <!-- @BeforeSuite StartReport -->
  <testcase classname="Utils.Reporter" name="@BeforeSuite StartReport" time="0.0">
    <ignored/>
  </testcase> <!-- @BeforeSuite StartReport -->
  <testcase classname="Utils.Reporter" name="@BeforeSuite StartReport" time="0.0">
    <ignored/>
  </testcase> <!-- @BeforeSuite StartReport -->
  <testcase classname="Utils.Reporter" name="@BeforeSuite StartReport" time="0.0">
    <ignored/>
  </testcase> <!-- @BeforeSuite StartReport -->
  <testcase classname="Utils.Reporter" name="@BeforeSuite StartReport" time="0.0">
    <ignored/>
  </testcase> <!-- @BeforeSuite StartReport -->
  <testcase classname="Utils.Reporter" name="@BeforeSuite StartReport" time="0.0">
    <ignored/>
  </testcase> <!-- @BeforeSuite StartReport -->
  <testcase classname="Utils.Reporter" name="@BeforeSuite StartReport" time="0.0">
    <ignored/>
  </testcase> <!-- @BeforeSuite StartReport -->
  <testcase classname="Utils.Reporter" name="@BeforeSuite StartReport" time="0.0">
    <ignored/>
  </testcase> <!-- @BeforeSuite StartReport -->
  <testcase classname="Utils.Reporter" name="@BeforeSuite StartReport" time="0.0">
    <ignored/>
  </testcase> <!-- @BeforeSuite StartReport -->
  <testcase classname="Utils.Reporter" name="@BeforeSuite StartReport" time="0.0">
    <ignored/>
  </testcase> <!-- @BeforeSuite StartReport -->
  <testcase classname="Utils.Reporter" name="@BeforeSuite StartReport" time="0.0">
    <ignored/>
  </testcase> <!-- @BeforeSuite StartReport -->
  <testcase classname="Utils.Reporter" name="@BeforeSuite StartReport" time="0.0">
    <ignored/>
  </testcase> <!-- @BeforeSuite StartReport -->
  <testcase classname="Utils.Reporter" name="@BeforeSuite StartReport" time="0.0">
    <ignored/>
  </testcase> <!-- @BeforeSuite StartReport -->
  <testcase classname="Utils.Reporter" name="@BeforeSuite StartReport" time="0.0">
    <ignored/>
  </testcase> <!-- @BeforeSuite StartReport -->
  <testcase classname="Base.ProjectSpecifMethods" name="@AfterSuite unloaduserdata" time="0.0">
    <ignored/>
  </testcase> <!-- @AfterSuite unloaduserdata -->
  <testcase classname="Base.ProjectSpecifMethods" name="@AfterSuite unloaduserdata" time="0.0">
    <ignored/>
  </testcase> <!-- @AfterSuite unloaduserdata -->
  <testcase classname="Base.ProjectSpecifMethods" name="@AfterSuite unloaduserdata" time="0.0">
    <ignored/>
  </testcase> <!-- @AfterSuite unloaduserdata -->
  <testcase classname="Base.ProjectSpecifMethods" name="@AfterSuite unloaduserdata" time="0.0">
    <ignored/>
  </testcase> <!-- @AfterSuite unloaduserdata -->
  <testcase classname="Base.ProjectSpecifMethods" name="@AfterSuite unloaduserdata" time="0.0">
    <ignored/>
  </testcase> <!-- @AfterSuite unloaduserdata -->
  <testcase classname="Base.ProjectSpecifMethods" name="@AfterSuite unloaduserdata" time="0.0">
    <ignored/>
  </testcase> <!-- @AfterSuite unloaduserdata -->
  <testcase classname="Base.ProjectSpecifMethods" name="@AfterSuite unloaduserdata" time="0.0">
    <ignored/>
  </testcase> <!-- @AfterSuite unloaduserdata -->
  <testcase classname="Base.ProjectSpecifMethods" name="@AfterSuite unloaduserdata" time="0.0">
    <ignored/>
  </testcase> <!-- @AfterSuite unloaduserdata -->
  <testcase classname="Base.ProjectSpecifMethods" name="@AfterSuite unloaduserdata" time="0.0">
    <ignored/>
  </testcase> <!-- @AfterSuite unloaduserdata -->
  <testcase classname="Base.ProjectSpecifMethods" name="@AfterSuite unloaduserdata" time="0.0">
    <ignored/>
  </testcase> <!-- @AfterSuite unloaduserdata -->
  <testcase classname="Base.ProjectSpecifMethods" name="@AfterSuite unloaduserdata" time="0.0">
    <ignored/>
  </testcase> <!-- @AfterSuite unloaduserdata -->
  <testcase classname="Base.ProjectSpecifMethods" name="@AfterSuite unloaduserdata" time="0.0">
    <ignored/>
  </testcase> <!-- @AfterSuite unloaduserdata -->
  <testcase classname="Base.ProjectSpecifMethods" name="@AfterSuite unloaduserdata" time="0.0">
    <ignored/>
  </testcase> <!-- @AfterSuite unloaduserdata -->
  <testcase classname="Base.ProjectSpecifMethods" name="@AfterSuite unloaduserdata" time="0.0">
    <ignored/>
  </testcase> <!-- @AfterSuite unloaduserdata -->
  <testcase classname="Base.ProjectSpecifMethods" name="@AfterSuite unloaduserdata" time="0.0">
    <ignored/>
  </testcase> <!-- @AfterSuite unloaduserdata -->
  <testcase classname="Base.ProjectSpecifMethods" name="@AfterSuite unloaduserdata" time="0.0">
    <ignored/>
  </testcase> <!-- @AfterSuite unloaduserdata -->
  <testcase classname="Base.ProjectSpecifMethods" name="@AfterSuite unloaduserdata" time="0.0">
    <ignored/>
  </testcase> <!-- @AfterSuite unloaduserdata -->
  <testcase classname="Base.ProjectSpecifMethods" name="@AfterSuite unloaduserdata" time="0.0">
    <ignored/>
  </testcase> <!-- @AfterSuite unloaduserdata -->
  <testcase classname="Base.ProjectSpecifMethods" name="@AfterSuite unloaduserdata" time="0.0">
    <ignored/>
  </testcase> <!-- @AfterSuite unloaduserdata -->
</testsuite> <!-- Test -->
