<?xml version="1.0" encoding="UTF-8"?>
<testng-results ignored="0" total="1" passed="1" failed="0" skipped="0">
  <reporter-output>
  </reporter-output>
  <suite started-at="2024-09-18T12:29:26 IST" name="Suite" finished-at="2024-09-18T12:29:37 IST" duration-ms="10297">
    <groups>
    </groups>
    <test started-at="2024-09-18T12:29:26 IST" name="Test" finished-at="2024-09-18T12:29:37 IST" duration-ms="10297">
      <class name="cA_Ecom_Project.TC01_Login">
        <test-method is-config="true" signature="StartReport()[pri:0, instance:cA_Ecom_Project.TC01_Login@50caa560]" started-at="2024-09-18T12:29:26 IST" name="StartReport" finished-at="2024-09-18T12:29:26 IST" duration-ms="261" status="PASS">
          <reporter-output>
          </reporter-output>
        </test-method> <!-- StartReport -->
        <test-method is-config="true" signature="loaduserdata()[pri:0, instance:cA_Ecom_Project.TC01_Login@50caa560]" started-at="2024-09-18T12:29:26 IST" name="loaduserdata" finished-at="2024-09-18T12:29:26 IST" depends-on-methods="Utils.Reporter.StartReport" duration-ms="0" status="PASS">
          <reporter-output>
          </reporter-output>
        </test-method> <!-- loaduserdata -->
        <test-method is-config="true" signature="setvalues()[pri:0, instance:cA_Ecom_Project.TC01_Login@50caa560]" started-at="2024-09-18T12:29:26 IST" name="setvalues" finished-at="2024-09-18T12:29:26 IST" duration-ms="1" status="PASS">
          <reporter-output>
          </reporter-output>
        </test-method> <!-- setvalues -->
        <test-method is-config="true" signature="report()[pri:0, instance:cA_Ecom_Project.TC01_Login@50caa560]" started-at="2024-09-18T12:29:26 IST" name="report" finished-at="2024-09-18T12:29:26 IST" duration-ms="10" status="PASS">
          <reporter-output>
          </reporter-output>
        </test-method> <!-- report -->
        <test-method is-config="true" signature="Setup()[pri:0, instance:cA_Ecom_Project.TC01_Login@50caa560]" started-at="2024-09-18T12:29:26 IST" name="Setup" finished-at="2024-09-18T12:29:29 IST" duration-ms="2784" status="PASS">
          <reporter-output>
          </reporter-output>
        </test-method> <!-- Setup -->
        <test-method signature="loginapp(java.lang.String)[pri:0, instance:cA_Ecom_Project.TC01_Login@50caa560]" started-at="2024-09-18T12:29:30 IST" name="loginapp" data-provider="fetchData" finished-at="2024-09-18T12:29:36 IST" duration-ms="6461" status="PASS">
          <params>
            <param index="0">
              <value>
                <![CDATA[Cucumber]]>
              </value>
            </param>
          </params>
          <reporter-output>
          </reporter-output>
        </test-method> <!-- loginapp -->
        <test-method is-config="true" signature="teardown()[pri:0, instance:cA_Ecom_Project.TC01_Login@50caa560]" started-at="2024-09-18T12:29:36 IST" name="teardown" finished-at="2024-09-18T12:29:37 IST" duration-ms="284" status="PASS">
          <reporter-output>
          </reporter-output>
        </test-method> <!-- teardown -->
        <test-method is-config="true" signature="unloaduserdata()[pri:0, instance:cA_Ecom_Project.TC01_Login@50caa560]" started-at="2024-09-18T12:29:37 IST" name="unloaduserdata" finished-at="2024-09-18T12:29:37 IST" duration-ms="1" status="PASS">
          <reporter-output>
          </reporter-output>
        </test-method> <!-- unloaduserdata -->
        <test-method is-config="true" signature="stopReport()[pri:0, instance:cA_Ecom_Project.TC01_Login@50caa560]" started-at="2024-09-18T12:29:37 IST" name="stopReport" finished-at="2024-09-18T12:29:37 IST" depends-on-methods="Base.ProjectSpecifMethods.unloaduserdata" duration-ms="347" status="PASS">
          <reporter-output>
          </reporter-output>
        </test-method> <!-- stopReport -->
      </class> <!-- cA_Ecom_Project.TC01_Login -->
    </test> <!-- Test -->
  </suite> <!-- Suite -->
</testng-results>
